This file contains any messages produced by compilers while
running configure, to aid debugging if configure makes a mistake.

It was created by RubberBand configure 1.8.2, which was
generated by GNU Autoconf 2.69.  Invocation command line was

  $ ./configure 

## --------- ##
## Platform. ##
## --------- ##

hostname = Martins-MBP
uname -m = x86_64
uname -r = 17.5.0
uname -s = Darwin
uname -v = Darwin Kernel Version 17.5.0: Fri Apr 13 19:32:32 PDT 2018; root:xnu-4570.51.2~1/RELEASE_X86_64

/usr/bin/uname -p = i386
/bin/uname -X     = unknown

/bin/arch              = unknown
/usr/bin/arch -k       = unknown
/usr/convex/getsysinfo = unknown
/usr/bin/hostinfo      = Mach kernel version:
	 Darwin Kernel Version 17.5.0: Fri Apr 13 19:32:32 PDT 2018; root:xnu-4570.51.2~1/RELEASE_X86_64
Kernel configured for up to 4 processors.
2 processors are physically available.
4 processors are logically available.
Processor type: i486 (Intel 80486)
Processors active: 0 1 2 3
Primary memory available: 8.00 gigabytes
Default processor set: 486 tasks, 1974 threads, 4 processors
Load average: 1.71, Mach factor: 2.31
/bin/machine           = unknown
/usr/bin/oslevel       = unknown
/bin/universe          = unknown

PATH: /Users/martindahlgren/Development/emsdk/emscripten/1.38.0/system/bin
PATH: /Users/martindahlgren/Development/emsdk
PATH: /Users/martindahlgren/Development/emsdk/clang/e1.38.0_64bit
PATH: /Users/martindahlgren/Development/emsdk/node/8.9.1_64bit/bin
PATH: /Users/martindahlgren/Development/emsdk/emscripten/1.38.0
PATH: /usr/bin
PATH: /bin
PATH: /usr/sbin
PATH: /sbin
PATH: /usr/local/bin


## ----------- ##
## Core tests. ##
## ----------- ##

configure:2048: checking for C++ compiler version
configure:2057: /Users/martindahlgren/Development/emsdk/emscripten/1.38.0/em++ --version >&5
emcc (Emscripten gcc/clang-like replacement) 1.38.0 (commit a4474e59db658cea570c78254fa71119cf688db5)
Copyright (C) 2014 the Emscripten authors (see AUTHORS.txt)
This is free and open source software under the MIT license.
There is NO warranty; not even for MERCHANTABILITY or FITNESS FOR A PARTICULAR PURPOSE.
  
configure:2068: $? = 0
configure:2057: /Users/martindahlgren/Development/emsdk/emscripten/1.38.0/em++ -v >&5
emcc (Emscripten gcc/clang-like replacement + linker emulating GNU ld) 1.38.0
clang version 5.0.0  (emscripten 1.38.0 : 1.38.0)
Target: x86_64-apple-darwin17.5.0
Thread model: posix
InstalledDir: /Users/martindahlgren/Development/emsdk/clang/e1.38.0_64bit
INFO:root:(Emscripten: Running sanity checks)
configure:2068: $? = 0
configure:2057: /Users/martindahlgren/Development/emsdk/emscripten/1.38.0/em++ -V >&5
ERROR:root:no input files
note that input files without a known suffix are ignored, make sure your input files end with one of: ('.c', '.C', '.i', '.cpp', '.cxx', '.cc', '.c++', '.CPP', '.CXX', '.CC', '.C++', '.ii', '.m', '.mi', '.mm', '.mii', '/dev/null', '.bc', '.o', '.obj', '.lo', '.dylib', '.so', '.a', '.ll', '.h', '.hxx', '.hpp', '.hh', '.H', '.HXX', '.HPP', '.HH')
configure:2068: $? = 1
configure:2057: /Users/martindahlgren/Development/emsdk/emscripten/1.38.0/em++ -qversion >&5
ERROR:root:no input files
note that input files without a known suffix are ignored, make sure your input files end with one of: ('.c', '.C', '.i', '.cpp', '.cxx', '.cc', '.c++', '.CPP', '.CXX', '.CC', '.C++', '.ii', '.m', '.mi', '.mm', '.mii', '/dev/null', '.bc', '.o', '.obj', '.lo', '.dylib', '.so', '.a', '.ll', '.h', '.hxx', '.hpp', '.hh', '.H', '.HXX', '.HPP', '.HH')
configure:2068: $? = 1
configure:2088: checking whether the C++ compiler works
configure:2110: /Users/martindahlgren/Development/emsdk/emscripten/1.38.0/em++    conftest.cpp  >&5
configure:2114: $? = 0
configure:2162: result: yes
configure:2165: checking for C++ compiler default output file name
configure:2167: result: a.out
configure:2173: checking for suffix of executables
configure:2180: /Users/martindahlgren/Development/emsdk/emscripten/1.38.0/em++ -o conftest    conftest.cpp  >&5
configure:2184: $? = 0
configure:2206: result: 
configure:2228: checking whether we are cross compiling
configure:2236: /Users/martindahlgren/Development/emsdk/emscripten/1.38.0/em++ -o conftest    conftest.cpp  >&5
configure:2240: $? = 0
configure:2247: ./conftest
configure:2251: $? = 0
configure:2266: result: no
configure:2271: checking for suffix of object files
configure:2293: /Users/martindahlgren/Development/emsdk/emscripten/1.38.0/em++ -c   conftest.cpp >&5
configure:2297: $? = 0
configure:2318: result: o
configure:2322: checking whether we are using the GNU C++ compiler
configure:2341: /Users/martindahlgren/Development/emsdk/emscripten/1.38.0/em++ -c   conftest.cpp >&5
configure:2341: $? = 0
configure:2350: result: yes
configure:2359: checking whether /Users/martindahlgren/Development/emsdk/emscripten/1.38.0/em++ accepts -g
configure:2379: /Users/martindahlgren/Development/emsdk/emscripten/1.38.0/em++ -c -g  conftest.cpp >&5
configure:2379: $? = 0
configure:2420: result: yes
configure:2491: checking for gcc
configure:2518: result: /Users/martindahlgren/Development/emsdk/emscripten/1.38.0/emcc
configure:2747: checking for C compiler version
configure:2756: /Users/martindahlgren/Development/emsdk/emscripten/1.38.0/emcc --version >&5
emcc (Emscripten gcc/clang-like replacement) 1.38.0 (commit a4474e59db658cea570c78254fa71119cf688db5)
Copyright (C) 2014 the Emscripten authors (see AUTHORS.txt)
This is free and open source software under the MIT license.
There is NO warranty; not even for MERCHANTABILITY or FITNESS FOR A PARTICULAR PURPOSE.
  
configure:2767: $? = 0
configure:2756: /Users/martindahlgren/Development/emsdk/emscripten/1.38.0/emcc -v >&5
emcc (Emscripten gcc/clang-like replacement + linker emulating GNU ld) 1.38.0
clang version 5.0.0  (emscripten 1.38.0 : 1.38.0)
Target: x86_64-apple-darwin17.5.0
Thread model: posix
InstalledDir: /Users/martindahlgren/Development/emsdk/clang/e1.38.0_64bit
INFO:root:(Emscripten: Running sanity checks)
configure:2767: $? = 0
configure:2756: /Users/martindahlgren/Development/emsdk/emscripten/1.38.0/emcc -V >&5
ERROR:root:no input files
note that input files without a known suffix are ignored, make sure your input files end with one of: ('.c', '.C', '.i', '.cpp', '.cxx', '.cc', '.c++', '.CPP', '.CXX', '.CC', '.C++', '.ii', '.m', '.mi', '.mm', '.mii', '/dev/null', '.bc', '.o', '.obj', '.lo', '.dylib', '.so', '.a', '.ll', '.h', '.hxx', '.hpp', '.hh', '.H', '.HXX', '.HPP', '.HH')
configure:2767: $? = 1
configure:2756: /Users/martindahlgren/Development/emsdk/emscripten/1.38.0/emcc -qversion >&5
ERROR:root:no input files
note that input files without a known suffix are ignored, make sure your input files end with one of: ('.c', '.C', '.i', '.cpp', '.cxx', '.cc', '.c++', '.CPP', '.CXX', '.CC', '.C++', '.ii', '.m', '.mi', '.mm', '.mii', '/dev/null', '.bc', '.o', '.obj', '.lo', '.dylib', '.so', '.a', '.ll', '.h', '.hxx', '.hpp', '.hh', '.H', '.HXX', '.HPP', '.HH')
configure:2767: $? = 1
configure:2771: checking whether we are using the GNU C compiler
configure:2790: /Users/martindahlgren/Development/emsdk/emscripten/1.38.0/emcc -c   conftest.c >&5
configure:2790: $? = 0
configure:2799: result: yes
configure:2808: checking whether /Users/martindahlgren/Development/emsdk/emscripten/1.38.0/emcc accepts -g
configure:2828: /Users/martindahlgren/Development/emsdk/emscripten/1.38.0/emcc -c -g  conftest.c >&5
configure:2828: $? = 0
configure:2869: result: yes
configure:2886: checking for /Users/martindahlgren/Development/emsdk/emscripten/1.38.0/emcc option to accept ISO C89
configure:2949: /Users/martindahlgren/Development/emsdk/emscripten/1.38.0/emcc  -c   conftest.c >&5
configure:2949: $? = 0
configure:2962: result: none needed
configure:2988: checking how to run the C preprocessor
configure:3019: /Users/martindahlgren/Development/emsdk/emscripten/1.38.0/emcc -E  conftest.c
configure:3019: $? = 0
configure:3033: /Users/martindahlgren/Development/emsdk/emscripten/1.38.0/emcc -E  conftest.c
conftest.c:9:10: fatal error: 'ac_nonexistent.h' file not found
#include <ac_nonexistent.h>
         ^~~~~~~~~~~~~~~~~~
1 error generated.
configure:3033: $? = 1
configure: failed program was:
| /* confdefs.h */
| #define PACKAGE_NAME "RubberBand"
| #define PACKAGE_TARNAME "rubberband"
| #define PACKAGE_VERSION "1.8.2"
| #define PACKAGE_STRING "RubberBand 1.8.2"
| #define PACKAGE_BUGREPORT "chris.cannam@breakfastquay.com"
| #define PACKAGE_URL ""
| /* end confdefs.h.  */
| #include <ac_nonexistent.h>
configure:3058: result: /Users/martindahlgren/Development/emsdk/emscripten/1.38.0/emcc -E
configure:3078: /Users/martindahlgren/Development/emsdk/emscripten/1.38.0/emcc -E  conftest.c
configure:3078: $? = 0
configure:3092: /Users/martindahlgren/Development/emsdk/emscripten/1.38.0/emcc -E  conftest.c
conftest.c:9:10: fatal error: 'ac_nonexistent.h' file not found
#include <ac_nonexistent.h>
         ^~~~~~~~~~~~~~~~~~
1 error generated.
configure:3092: $? = 1
configure: failed program was:
| /* confdefs.h */
| #define PACKAGE_NAME "RubberBand"
| #define PACKAGE_TARNAME "rubberband"
| #define PACKAGE_VERSION "1.8.2"
| #define PACKAGE_STRING "RubberBand 1.8.2"
| #define PACKAGE_BUGREPORT "chris.cannam@breakfastquay.com"
| #define PACKAGE_URL ""
| /* end confdefs.h.  */
| #include <ac_nonexistent.h>
configure:3121: checking for grep that handles long lines and -e
configure:3179: result: /usr/bin/grep
configure:3184: checking for egrep
configure:3246: result: /usr/bin/grep -E
configure:3251: checking for ANSI C header files
configure:3271: /Users/martindahlgren/Development/emsdk/emscripten/1.38.0/emcc -c   conftest.c >&5
configure:3271: $? = 0
configure:3344: /Users/martindahlgren/Development/emsdk/emscripten/1.38.0/emcc -o conftest    conftest.c  >&5
configure:3344: $? = 0
configure:3344: ./conftest
configure:3344: $? = 0
configure:3355: result: yes
configure:3368: checking for sys/types.h
configure:3368: /Users/martindahlgren/Development/emsdk/emscripten/1.38.0/emcc -c   conftest.c >&5
configure:3368: $? = 0
configure:3368: result: yes
configure:3368: checking for sys/stat.h
configure:3368: /Users/martindahlgren/Development/emsdk/emscripten/1.38.0/emcc -c   conftest.c >&5
configure:3368: $? = 0
configure:3368: result: yes
configure:3368: checking for stdlib.h
configure:3368: /Users/martindahlgren/Development/emsdk/emscripten/1.38.0/emcc -c   conftest.c >&5
configure:3368: $? = 0
configure:3368: result: yes
configure:3368: checking for string.h
configure:3368: /Users/martindahlgren/Development/emsdk/emscripten/1.38.0/emcc -c   conftest.c >&5
configure:3368: $? = 0
configure:3368: result: yes
configure:3368: checking for memory.h
configure:3368: /Users/martindahlgren/Development/emsdk/emscripten/1.38.0/emcc -c   conftest.c >&5
configure:3368: $? = 0
configure:3368: result: yes
configure:3368: checking for strings.h
configure:3368: /Users/martindahlgren/Development/emsdk/emscripten/1.38.0/emcc -c   conftest.c >&5
configure:3368: $? = 0
configure:3368: result: yes
configure:3368: checking for inttypes.h
configure:3368: /Users/martindahlgren/Development/emsdk/emscripten/1.38.0/emcc -c   conftest.c >&5
configure:3368: $? = 0
configure:3368: result: yes
configure:3368: checking for stdint.h
configure:3368: /Users/martindahlgren/Development/emsdk/emscripten/1.38.0/emcc -c   conftest.c >&5
configure:3368: $? = 0
configure:3368: result: yes
configure:3368: checking for unistd.h
configure:3368: /Users/martindahlgren/Development/emsdk/emscripten/1.38.0/emcc -c   conftest.c >&5
configure:3368: $? = 0
configure:3368: result: yes
configure:3380: checking whether byte ordering is bigendian
configure:3395: /Users/martindahlgren/Development/emsdk/emscripten/1.38.0/emcc -c   conftest.c >&5
conftest.c:20:9: error: unknown type name 'not'
               not a universal capable compiler
               ^
conftest.c:20:14: error: expected ';' after top level declarator
               not a universal capable compiler
                    ^
                    ;
2 errors generated.
ERROR:root:compiler frontend failed to generate LLVM bitcode, halting
configure:3395: $? = 1
configure: failed program was:
| /* confdefs.h */
| #define PACKAGE_NAME "RubberBand"
| #define PACKAGE_TARNAME "rubberband"
| #define PACKAGE_VERSION "1.8.2"
| #define PACKAGE_STRING "RubberBand 1.8.2"
| #define PACKAGE_BUGREPORT "chris.cannam@breakfastquay.com"
| #define PACKAGE_URL ""
| #define STDC_HEADERS 1
| #define HAVE_SYS_TYPES_H 1
| #define HAVE_SYS_STAT_H 1
| #define HAVE_STDLIB_H 1
| #define HAVE_STRING_H 1
| #define HAVE_MEMORY_H 1
| #define HAVE_STRINGS_H 1
| #define HAVE_INTTYPES_H 1
| #define HAVE_STDINT_H 1
| #define HAVE_UNISTD_H 1
| /* end confdefs.h.  */
| #ifndef __APPLE_CC__
| 	       not a universal capable compiler
| 	     #endif
| 	     typedef int dummy;
| 
configure:3440: /Users/martindahlgren/Development/emsdk/emscripten/1.38.0/emcc -c   conftest.c >&5
configure:3440: $? = 0
configure:3458: /Users/martindahlgren/Development/emsdk/emscripten/1.38.0/emcc -c   conftest.c >&5
conftest.c:26:4: error: use of undeclared identifier 'not'
                 not big endian
                 ^
1 error generated.
ERROR:root:compiler frontend failed to generate LLVM bitcode, halting
configure:3458: $? = 1
configure: failed program was:
| /* confdefs.h */
| #define PACKAGE_NAME "RubberBand"
| #define PACKAGE_TARNAME "rubberband"
| #define PACKAGE_VERSION "1.8.2"
| #define PACKAGE_STRING "RubberBand 1.8.2"
| #define PACKAGE_BUGREPORT "chris.cannam@breakfastquay.com"
| #define PACKAGE_URL ""
| #define STDC_HEADERS 1
| #define HAVE_SYS_TYPES_H 1
| #define HAVE_SYS_STAT_H 1
| #define HAVE_STDLIB_H 1
| #define HAVE_STRING_H 1
| #define HAVE_MEMORY_H 1
| #define HAVE_STRINGS_H 1
| #define HAVE_INTTYPES_H 1
| #define HAVE_STDINT_H 1
| #define HAVE_UNISTD_H 1
| /* end confdefs.h.  */
| #include <sys/types.h>
| 		#include <sys/param.h>
| 
| int
| main ()
| {
| #if BYTE_ORDER != BIG_ENDIAN
| 		 not big endian
| 		#endif
| 
|   ;
|   return 0;
| }
configure:3586: result: no
configure:3778: creating ./config.status

## ---------------------- ##
## Running config.status. ##
## ---------------------- ##

This file was extended by RubberBand config.status 1.8.2, which was
generated by GNU Autoconf 2.69.  Invocation command line was

  CONFIG_FILES    = 
  CONFIG_HEADERS  = 
  CONFIG_LINKS    = 
  CONFIG_COMMANDS = 
  $ ./config.status 

on Martins-MBP

config.status:732: creating Makefile

## ---------------- ##
## Cache variables. ##
## ---------------- ##

ac_cv_c_bigendian=no
ac_cv_c_compiler_gnu=yes
ac_cv_cxx_compiler_gnu=yes
ac_cv_env_CCC_set=
ac_cv_env_CCC_value=
ac_cv_env_CC_set=set
ac_cv_env_CC_value=/Users/martindahlgren/Development/emsdk/emscripten/1.38.0/emcc
ac_cv_env_CFLAGS_set=set
ac_cv_env_CFLAGS_value=
ac_cv_env_CPPFLAGS_set=
ac_cv_env_CPPFLAGS_value=
ac_cv_env_CPP_set=
ac_cv_env_CPP_value=
ac_cv_env_CXXFLAGS_set=
ac_cv_env_CXXFLAGS_value=
ac_cv_env_CXX_set=set
ac_cv_env_CXX_value=/Users/martindahlgren/Development/emsdk/emscripten/1.38.0/em++
ac_cv_env_LDFLAGS_set=
ac_cv_env_LDFLAGS_value=
ac_cv_env_LIBS_set=
ac_cv_env_LIBS_value=
ac_cv_env_build_alias_set=
ac_cv_env_build_alias_value=
ac_cv_env_host_alias_set=
ac_cv_env_host_alias_value=
ac_cv_env_target_alias_set=
ac_cv_env_target_alias_value=
ac_cv_header_inttypes_h=yes
ac_cv_header_memory_h=yes
ac_cv_header_stdc=yes
ac_cv_header_stdint_h=yes
ac_cv_header_stdlib_h=yes
ac_cv_header_string_h=yes
ac_cv_header_strings_h=yes
ac_cv_header_sys_stat_h=yes
ac_cv_header_sys_types_h=yes
ac_cv_header_unistd_h=yes
ac_cv_objext=o
ac_cv_path_EGREP='/usr/bin/grep -E'
ac_cv_path_GREP=/usr/bin/grep
ac_cv_prog_CPP='/Users/martindahlgren/Development/emsdk/emscripten/1.38.0/emcc -E'
ac_cv_prog_ac_ct_CC=/Users/martindahlgren/Development/emsdk/emscripten/1.38.0/emcc
ac_cv_prog_cc_c89=
ac_cv_prog_cc_g=yes
ac_cv_prog_cxx_g=yes

## ----------------- ##
## Output variables. ##
## ----------------- ##

CC='/Users/martindahlgren/Development/emsdk/emscripten/1.38.0/emcc'
CFLAGS=' -fPIC -Wall'
CPP='/Users/martindahlgren/Development/emsdk/emscripten/1.38.0/emcc -E'
CPPFLAGS=''
CXX='/Users/martindahlgren/Development/emsdk/emscripten/1.38.0/em++'
CXXFLAGS='-g -O2 -fPIC -Wall'
DEFS='-DPACKAGE_NAME=\"RubberBand\" -DPACKAGE_TARNAME=\"rubberband\" -DPACKAGE_VERSION=\"1.8.2\" -DPACKAGE_STRING=\"RubberBand\ 1.8.2\" -DPACKAGE_BUGREPORT=\"chris.cannam@breakfastquay.com\" -DPACKAGE_URL=\"\" -DSTDC_HEADERS=1 -DHAVE_SYS_TYPES_H=1 -DHAVE_SYS_STAT_H=1 -DHAVE_STDLIB_H=1 -DHAVE_STRING_H=1 -DHAVE_MEMORY_H=1 -DHAVE_STRINGS_H=1 -DHAVE_INTTYPES_H=1 -DHAVE_STDINT_H=1 -DHAVE_UNISTD_H=1'
ECHO_C='\c'
ECHO_N=''
ECHO_T=''
EGREP='/usr/bin/grep -E'
EXEEXT=''
FFTW_CFLAGS=''
FFTW_LIBS=''
GREP='/usr/bin/grep'
LDFLAGS=''
LIBOBJS=''
LIBS=''
LTLIBOBJS=''
OBJEXT='o'
PACKAGE_BUGREPORT='chris.cannam@breakfastquay.com'
PACKAGE_NAME='RubberBand'
PACKAGE_STRING='RubberBand 1.8.2'
PACKAGE_TARNAME='rubberband'
PACKAGE_URL=''
PACKAGE_VERSION='1.8.2'
PATH_SEPARATOR=':'
SHELL='/bin/sh'
SNDFILE_CFLAGS=''
SNDFILE_LIBS=''
SRC_CFLAGS=''
SRC_LIBS=''
ac_ct_CC='/Users/martindahlgren/Development/emsdk/emscripten/1.38.0/emcc'
ac_ct_CXX=''
bindir='${exec_prefix}/bin'
build_alias=''
datadir='${datarootdir}'
datarootdir='${prefix}/share'
docdir='${datarootdir}/doc/${PACKAGE_TARNAME}'
dvidir='${docdir}'
exec_prefix='${prefix}'
host_alias=''
htmldir='${docdir}'
includedir='${prefix}/include'
infodir='${datarootdir}/info'
libdir='${exec_prefix}/lib'
libexecdir='${exec_prefix}/libexec'
localedir='${datarootdir}/locale'
localstatedir='${prefix}/var'
mandir='${datarootdir}/man'
oldincludedir='/usr/include'
pdfdir='${docdir}'
prefix='/usr/local'
program_transform_name='s,x,x,'
psdir='${docdir}'
sbindir='${exec_prefix}/sbin'
sharedstatedir='${prefix}/com'
sysconfdir='${prefix}/etc'
target_alias=''

## ----------- ##
## confdefs.h. ##
## ----------- ##

/* confdefs.h */
#define PACKAGE_NAME "RubberBand"
#define PACKAGE_TARNAME "rubberband"
#define PACKAGE_VERSION "1.8.2"
#define PACKAGE_STRING "RubberBand 1.8.2"
#define PACKAGE_BUGREPORT "chris.cannam@breakfastquay.com"
#define PACKAGE_URL ""
#define STDC_HEADERS 1
#define HAVE_SYS_TYPES_H 1
#define HAVE_SYS_STAT_H 1
#define HAVE_STDLIB_H 1
#define HAVE_STRING_H 1
#define HAVE_MEMORY_H 1
#define HAVE_STRINGS_H 1
#define HAVE_INTTYPES_H 1
#define HAVE_STDINT_H 1
#define HAVE_UNISTD_H 1

configure: exit 0
